#
# There is insufficient memory for the Java Runtime Environment to continue.
# Native memory allocation (mmap) failed to map 134217728 bytes for Failed to commit area from 0x0000000081e00000 to 0x0000000089e00000 of length 134217728.
# Possible reasons:
#   The system is out of physical RAM or swap space
#   The process is running with CompressedOops enabled, and the Java Heap may be blocking the growth of the native heap
# Possible solutions:
#   Reduce memory load on the system
#   Increase physical memory or swap space
#   Check if swap backing store is full
#   Decrease Java heap size (-Xmx/-Xms)
#   Decrease number of Java threads
#   Decrease Java thread stack sizes (-Xss)
#   Set larger code cache with -XX:ReservedCodeCacheSize=
# This output file may be truncated or incomplete.
#
#  Out of Memory Error (./src/hotspot/os/windows/os_windows.cpp:3303), pid=5364, tid=7660
#
# JRE version:  (11.0.8+10) (build )
# Java VM: OpenJDK 64-Bit Server VM (11.0.8+10-b944.6842174, mixed mode, sharing, tiered, compressed oops, g1 gc, windows-amd64)
# No core dump will be written. Minidumps are not enabled by default on client versions of Windows
#

---------------  S U M M A R Y ------------

Command Line: org.jetbrains.git4idea.http.GitAskPassApp Username for 'https://github.com': 

Host: Intel(R) Core(TM) i5-8265U CPU @ 1.60GHz, 8 cores, 7G,  Windows 10 , 64 bit Build 17763 (10.0.17763.2686)
Time: Tue Mar 29 12:03:31 2022 RTZ 7 (ceia) elapsed time: 0 seconds (0d 0h 0m 0s)

---------------  T H R E A D  ---------------

Current thread (0x00000237542cc000):  JavaThread "Unknown thread" [_thread_in_vm, id=7660, stack(0x000000eb37000000,0x000000eb37100000)]

Stack: [0x000000eb37000000,0x000000eb37100000]
Native frames: (J=compiled Java code, j=interpreted, Vv=VM code, C=native code)
V  [jvm.dll+0x5de50a]
V  [jvm.dll+0x7122f5]
V  [jvm.dll+0x71384d]
V  [jvm.dll+0x713f03]
V  [jvm.dll+0x23e728]
V  [jvm.dll+0x5db9a4]
V  [jvm.dll+0x5d0ae5]
V  [jvm.dll+0x2fb20b]
V  [jvm.dll+0x2fb17a]
V  [jvm.dll+0x2fb052]
V  [jvm.dll+0x2fff16]
V  [jvm.dll+0x348743]
V  [jvm.dll+0x348e46]
V  [jvm.dll+0x348843]
V  [jvm.dll+0x2d5d68]
V  [jvm.dll+0x2d6f07]
V  [jvm.dll+0x6f11f7]
V  [jvm.dll+0x6f29ec]
V  [jvm.dll+0x355cb9]
V  [jvm.dll+0x6d4ade]
V  [jvm.dll+0x3bdfe3]
V  [jvm.dll+0x3c0201]
C  [jli.dll+0x5373]
C  [ucrtbase.dll+0x2268a]
C  [KERNEL32.DLL+0x17974]
C  [ntdll.dll+0x5a2f1]


---------------  P R O C E S S  ---------------

Threads class SMR info:
_java_thread_list=0x00000237541f79d0, length=0, elements={
}

Java Threads: ( => current thread )

Other Threads:
  0x00000237563f6800 GCTaskThread "GC Thread#0" [stack: 0x000000eb37100000,0x000000eb37200000] [id=10960]
  0x0000023756427800 ConcurrentGCThread "G1 Main Marker" [stack: 0x000000eb37200000,0x000000eb37300000] [id=7544]
  0x0000023756429800 ConcurrentGCThread "G1 Conc#0" [stack: 0x000000eb37300000,0x000000eb37400000] [id=7140]

[error occurred during error reporting (printing all threads), id 0xc0000005, EXCEPTION_ACCESS_VIOLATION (0xc0000005) at pc=0x00007ff814136357]

VM state:not at safepoint (not fully initialized)

VM Mutex/Monitor currently owned by a thread:  ([mutex/lock_event])
[0x00000237563deec0] Heap_lock - owner thread: 0x00000237542cc000

Heap address: 0x0000000081e00000, size: 2018 MB, Compressed Oops mode: Non-zero based: 0x0000000081e00000
Narrow klass base: 0x0000000000000000, Narrow klass shift: 0

GC Heap History (0 events):
No events

Deoptimization events (0 events):
No events

Classes redefined (0 events):
No events

Internal exceptions (0 events):
No events

Events (1 events):
Event: 0.003 Loaded shared library C:\Program Files\Android\Android Studio\jre\bin\zip.dll


Dynamic libraries:
0x00007ff6c47a0000 - 0x00007ff6c47aa000 	C:\Program Files\Android\Android Studio\jre\bin\java.exe
0x00007ff85c870000 - 0x00007ff85ca5d000 	C:\Windows\SYSTEM32\ntdll.dll
0x00007ff859ab0000 - 0x00007ff859b64000 	C:\Windows\System32\KERNEL32.DLL
0x00007ff858900000 - 0x00007ff858b94000 	C:\Windows\System32\KERNELBASE.dll
0x00007ff858ed0000 - 0x00007ff858fca000 	C:\Windows\System32\ucrtbase.dll
0x00007ff848ef0000 - 0x00007ff848f09000 	C:\Program Files\Android\Android Studio\jre\bin\jli.dll
0x00007ff846b70000 - 0x00007ff846b87000 	C:\Program Files\Android\Android Studio\jre\bin\VCRUNTIME140.dll
0x00007ff85c060000 - 0x00007ff85c1f7000 	C:\Windows\System32\USER32.dll
0x00007ff84a340000 - 0x00007ff84a5b9000 	C:\Windows\WinSxS\amd64_microsoft.windows.common-controls_6595b64144ccf1df_6.0.17763.2686_none_de755d285347a0fe\COMCTL32.dll
0x00007ff858fd0000 - 0x00007ff858ff0000 	C:\Windows\System32\win32u.dll
0x00007ff859bf0000 - 0x00007ff859c8e000 	C:\Windows\System32\msvcrt.dll
0x00007ff85c500000 - 0x00007ff85c529000 	C:\Windows\System32\GDI32.dll
0x00007ff859eb0000 - 0x00007ff85a1dd000 	C:\Windows\System32\combase.dll
0x00007ff858d10000 - 0x00007ff858eac000 	C:\Windows\System32\gdi32full.dll
0x00007ff85a8a0000 - 0x00007ff85a9bd000 	C:\Windows\System32\RPCRT4.dll
0x00007ff858ff0000 - 0x00007ff859090000 	C:\Windows\System32\msvcp_win.dll
0x00007ff859090000 - 0x00007ff859112000 	C:\Windows\System32\bcryptPrimitives.dll
0x00007ff85a9c0000 - 0x00007ff85a9ee000 	C:\Windows\System32\IMM32.DLL
0x00007ff846ad0000 - 0x00007ff846b6d000 	C:\Program Files\Android\Android Studio\jre\bin\msvcp140.dll
0x00007ff813e50000 - 0x00007ff81490c000 	C:\Program Files\Android\Android Studio\jre\bin\server\jvm.dll
0x00007ff85a7f0000 - 0x00007ff85a897000 	C:\Windows\System32\ADVAPI32.dll
0x00007ff85a9f0000 - 0x00007ff85aa8f000 	C:\Windows\System32\sechost.dll
0x00007ff859be0000 - 0x00007ff859be8000 	C:\Windows\System32\PSAPI.DLL
0x00007ff84d9f0000 - 0x00007ff84d9f9000 	C:\Windows\SYSTEM32\WSOCK32.dll
0x00007ff846480000 - 0x00007ff8464a4000 	C:\Windows\SYSTEM32\WINMM.dll
0x00007ff853ac0000 - 0x00007ff853aca000 	C:\Windows\SYSTEM32\VERSION.dll
0x00007ff85bff0000 - 0x00007ff85c05d000 	C:\Windows\System32\WS2_32.dll
0x00007ff846450000 - 0x00007ff84647d000 	C:\Windows\SYSTEM32\winmmbase.dll
0x00007ff858c10000 - 0x00007ff858c5a000 	C:\Windows\System32\cfgmgr32.dll
0x00007ff8588b0000 - 0x00007ff8588c1000 	C:\Windows\System32\kernel.appcore.dll
0x00007ff8509c0000 - 0x00007ff8509d1000 	C:\Program Files\Android\Android Studio\jre\bin\verify.dll
0x00007ff857180000 - 0x00007ff85736d000 	C:\Windows\SYSTEM32\DBGHELP.DLL
0x00007ff8510b0000 - 0x00007ff8510da000 	C:\Windows\SYSTEM32\dbgcore.DLL
0x00007ff84eae0000 - 0x00007ff84eb09000 	C:\Program Files\Android\Android Studio\jre\bin\java.dll
0x00007ff8527d0000 - 0x00007ff8527db000 	C:\Program Files\Android\Android Studio\jre\bin\jimage.dll
0x00007ff84c0d0000 - 0x00007ff84c0e8000 	C:\Program Files\Android\Android Studio\jre\bin\zip.dll

dbghelp: loaded successfully - version: 4.0.5 - missing functions: none
symbol engine: initialized successfully - sym options: 0x614 - pdb path: .;C:\Program Files\Android\Android Studio\jre\bin;C:\Windows\SYSTEM32;C:\Windows\WinSxS\amd64_microsoft.windows.common-controls_6595b64144ccf1df_6.0.17763.2686_none_de755d285347a0fe;C:\Program Files\Android\Android Studio\jre\bin\server

VM Arguments:
java_command: org.jetbrains.git4idea.http.GitAskPassApp Username for 'https://github.com': 
java_class_path (initial): C:/Program Files/Android/Android Studio/plugins/git4idea/lib/git4idea-rt.jar;C:/Program Files/Android/Android Studio/lib/xmlrpc-2.0.1.jar;C:/Program Files/Android/Android Studio/lib/commons-codec-1.14.jar
Launcher Type: SUN_STANDARD

[Global flags]
     intx CICompilerCount                          = 4                                         {product} {ergonomic}
     uint ConcGCThreads                            = 2                                         {product} {ergonomic}
     uint G1ConcRefinementThreads                  = 8                                         {product} {ergonomic}
   size_t G1HeapRegionSize                         = 1048576                                   {product} {ergonomic}
    uintx GCDrainStackTargetSize                   = 64                                        {product} {ergonomic}
   size_t InitialHeapSize                          = 134217728                                 {product} {ergonomic}
   size_t MarkStackSize                            = 4194304                                   {product} {ergonomic}
   size_t MaxHeapSize                              = 2116026368                                {product} {ergonomic}
   size_t MinHeapDeltaBytes                        = 1048576                                   {product} {ergonomic}
    uintx NonNMethodCodeHeapSize                   = 5836300                                {pd product} {ergonomic}
    uintx NonProfiledCodeHeapSize                  = 122910970                              {pd product} {ergonomic}
    uintx ProfiledCodeHeapSize                     = 122910970                              {pd product} {ergonomic}
    uintx ReservedCodeCacheSize                    = 251658240                              {pd product} {ergonomic}
     bool SegmentedCodeCache                       = true                                      {product} {ergonomic}
     bool UseCompressedClassPointers               = true                                 {lp64_product} {ergonomic}
     bool UseCompressedOops                        = true                                 {lp64_product} {ergonomic}
     bool UseG1GC                                  = true                                      {product} {ergonomic}
     bool UseLargePagesIndividualAllocation        = false                                  {pd product} {ergonomic}

Logging:
Log output configuration:
 #0: stdout all=warning uptime,level,tags
 #1: stderr all=off uptime,level,tags

Environment Variables:
PATH=C:\Program Files\Git\mingw64\libexec\git-core;C:\Program Files\Git\mingw64\libexec\git-core;C:\Program Files\Git\mingw64\bin;C:\Program Files\Git\usr\bin;C:\Users\Ivan\bin;C:\Program Files (x86)\Common Files\Oracle\Java\javapath;C:\Windows\system32;C:\Windows;C:\Windows\System32\Wbem;C:\Windows\System32\WindowsPowerShell\v1.0;C:\Windows\System32\OpenSSH;C:\Program Files\PuTTY;C:\Program Files (x86)\IVI Foundation\VISA\WinNT\Bin;C:\Program Files\Git\cmd;C:\Program Files (x86)\MGLTools-1.5.7;C:\Users\Ivan\AppData\Local\Microsoft\WindowsApps
USERNAME=Ivan
DISPLAY=:0.0
LC_ALL=en_US.UTF-8
OS=Windows_NT
PROCESSOR_IDENTIFIER=Intel64 Family 6 Model 142 Stepping 12, GenuineIntel



---------------  S Y S T E M  ---------------

OS: Windows 10 , 64 bit Build 17763 (10.0.17763.2686)
OS uptime: 18 days 2:13 hours

CPU:total 8 (initial active 8) (4 cores per cpu, 2 threads per core) family 6 model 142 stepping 12, cmov, cx8, fxsr, mmx, sse, sse2, sse3, ssse3, sse4.1, sse4.2, popcnt, avx, avx2, aes, clmul, erms, 3dnowpref, lzcnt, ht, tsc, tscinvbit, bmi1, bmi2, adx, fma

Memory: 4k page, system-wide physical 8071M (2455M free)
TotalPageFile size 8854M (AvailPageFile size 104M)
current process WorkingSet (physical memory assigned to process): 9M, peak: 9M
current process commit charge ("private bytes"): 60M, peak: 188M

vm_info: OpenJDK 64-Bit Server VM (11.0.8+10-b944.6842174) for windows-amd64 JRE (11.0.8+10-b944.6842174), built on Sep 19 2020 01:11:42 by "builder" with MS VC++ 14.0 (VS2015)

END.
